2021-02-12 23:04:04,347 [main] INFO Guru99Demo - Opend URL
2021-02-12 23:04:05,502 [main] INFO Guru99Demo - Entered Username
2021-02-12 23:04:05,668 [main] INFO Guru99Demo - Entered Password
2021-02-12 23:04:27,349 [main] INFO Guru99Demo - Clicked Login
2021-02-12 23:04:27,367 [main] ERROR Guru99Demo - Error logged
2021-02-12 23:05:16,752 [main] INFO Guru99Demo - Opend URL
2021-02-12 23:05:17,323 [main] INFO Guru99Demo - Entered Username
2021-02-12 23:05:17,502 [main] INFO Guru99Demo - Entered Password
2021-02-12 23:05:39,812 [main] INFO Guru99Demo - Clicked Login
2021-02-12 23:05:39,846 [main] ERROR Guru99Demo - Error logged
2021-02-12 23:05:41,155 [main] INFO Guru99Demo - Driver Closed
2021-02-12 23:12:11,076 [main] INFO Guru99Demo - Opend URL
2021-02-12 23:12:11,345 [main] INFO Guru99Demo - Entered Username
2021-02-12 23:12:11,499 [main] INFO Guru99Demo - Entered Password
2021-02-12 23:12:14,023 [main] INFO Guru99Demo - Clicked Login
2021-02-12 23:12:14,036 [main] ERROR Guru99Demo - Error logged
2021-02-12 23:12:14,981 [main] INFO Guru99Demo - Driver Closed
2021-02-12 23:28:17,342 [main] INFO Guru99Demo - Opend URL
2021-02-12 23:28:17,618 [main] INFO Guru99Demo - Entered Username
2021-02-12 23:28:17,750 [main] INFO Guru99Demo - Entered Password
2021-02-12 23:28:40,158 [main] INFO Guru99Demo - Clicked Login
2021-02-12 23:28:40,170 [main] ERROR Guru99Demo - Error logged
2021-02-12 23:28:41,083 [main] INFO Guru99Demo - Driver Closed
